  my_assembler_20192698.c
C:\2021ssu\my_assembler_20192698\my_assembler_20192698\my_assembler_20192698.c(123,37): warning C4047: '=': 'char'의 간접 참조 수준이 'char [2]'과(와) 다릅니다.
C:\2021ssu\my_assembler_20192698\my_assembler_20192698\my_assembler_20192698.c(124,58): warning C4047: '=': 'unsigned char'의 간접 참조 수준이 'void *'과(와) 다릅니다.
C:\2021ssu\my_assembler_20192698\my_assembler_20192698\my_assembler_20192698.c(155,32): warning C4047: '=': 'char'의 간접 참조 수준이 'char [2]'과(와) 다릅니다.
C:\2021ssu\my_assembler_20192698\my_assembler_20192698\my_assembler_20192698.c(180,39): warning C4047: '!=': 'int'의 간접 참조 수준이 'char [2]'과(와) 다릅니다.
C:\2021ssu\my_assembler_20192698\my_assembler_20192698\my_assembler_20192698.c(180,54): warning C4047: '!=': 'int'의 간접 참조 수준이 'char [2]'과(와) 다릅니다.
C:\2021ssu\my_assembler_20192698\my_assembler_20192698\my_assembler_20192698.c(229,31): warning C4047: '!=': 'int'의 간접 참조 수준이 'char [2]'과(와) 다릅니다.
C:\2021ssu\my_assembler_20192698\my_assembler_20192698\my_assembler_20192698.c(231,24): warning C4018: '<': signed 또는 unsigned가 일치하지 않습니다.
C:\2021ssu\my_assembler_20192698\my_assembler_20192698\my_assembler_20192698.c(253,39): warning C4018: '<': signed 또는 unsigned가 일치하지 않습니다.
C:\2021ssu\my_assembler_20192698\my_assembler_20192698\my_assembler_20192698.c(263,36): warning C4047: '==': 'int'의 간접 참조 수준이 'char [2]'과(와) 다릅니다.
C:\2021ssu\my_assembler_20192698\my_assembler_20192698\my_assembler_20192698.c(267,27): warning C4018: '<': signed 또는 unsigned가 일치하지 않습니다.
C:\2021ssu\my_assembler_20192698\my_assembler_20192698\my_assembler_20192698.c(269,67): warning C4047: '함수': 'char *'의 간접 참조 수준이 'char'과(와) 다릅니다.
C:\2021ssu\my_assembler_20192698\my_assembler_20192698\my_assembler_20192698.c(269,60): warning C4024: 'strcpy': 형식 및 실제 매개 변수 1의 형식이 서로 다릅니다.
C:\2021ssu\my_assembler_20192698\my_assembler_20192698\my_assembler_20192698.c(269,75): warning C4047: '함수': 'const char *'의 간접 참조 수준이 'char'과(와) 다릅니다.
C:\2021ssu\my_assembler_20192698\my_assembler_20192698\my_assembler_20192698.c(269,72): warning C4024: 'strcpy': 형식 및 실제 매개 변수 2의 형식이 서로 다릅니다.
C:\2021ssu\my_assembler_20192698\my_assembler_20192698\my_assembler_20192698.c(299,35): warning C4018: '<': signed 또는 unsigned가 일치하지 않습니다.
C:\2021ssu\my_assembler_20192698\my_assembler_20192698\my_assembler_20192698.c(378,53): warning C4047: '=': 'char'의 간접 참조 수준이 'char [2]'과(와) 다릅니다.
C:\2021ssu\my_assembler_20192698\my_assembler_20192698\my_assembler_20192698.c(390,57): warning C4047: '=': 'char'의 간접 참조 수준이 'char [2]'과(와) 다릅니다.
C:\2021ssu\my_assembler_20192698\my_assembler_20192698\my_assembler_20192698.c(399,57): warning C4047: '=': 'char'의 간접 참조 수준이 'char [2]'과(와) 다릅니다.
C:\2021ssu\my_assembler_20192698\my_assembler_20192698\my_assembler_20192698.c(453,35): warning C4018: '<': signed 또는 unsigned가 일치하지 않습니다.
C:\2021ssu\my_assembler_20192698\my_assembler_20192698\my_assembler_20192698.c(455,71): warning C4047: '==': 'int'의 간접 참조 수준이 'char [2]'과(와) 다릅니다.
C:\2021ssu\my_assembler_20192698\my_assembler_20192698\my_assembler_20192698.c(460,76): warning C4047: '==': 'int'의 간접 참조 수준이 'char [2]'과(와) 다릅니다.
C:\2021ssu\my_assembler_20192698\my_assembler_20192698\my_assembler_20192698.c(467,32): warning C4047: '=': 'char'의 간접 참조 수준이 'char [2]'과(와) 다릅니다.
C:\2021ssu\my_assembler_20192698\my_assembler_20192698\my_assembler_20192698.c(468,32): warning C4047: '=': 'char'의 간접 참조 수준이 'char [2]'과(와) 다릅니다.
C:\2021ssu\my_assembler_20192698\my_assembler_20192698\my_assembler_20192698.c(604,27): warning C4047: '==': 'int'의 간접 참조 수준이 'void *'과(와) 다릅니다.
C:\2021ssu\my_assembler_20192698\my_assembler_20192698\my_assembler_20192698.c(639,27): warning C4047: '==': 'int'의 간접 참조 수준이 'void *'과(와) 다릅니다.
C:\2021ssu\my_assembler_20192698\my_assembler_20192698\my_assembler_20192698.c(278): warning C4715: 'token_parsing': 모든 제어 경로에서 값을 반환하지는 않습니다.
  my_assembler_20192698.vcxproj -> C:\2021ssu\my_assembler_20192698\Debug\my_assembler_20192698.exe
