  my_assembler_20192698.c
C:\Users\jun78\OneDrive - 숭실대학교 - Soongsil University\바탕 화면\my_assembler_20192698\my_assembler_20192698\my_assembler_20192698.c(125,37): warning C4047: '=': 'char'의 간접 참조 수준이 'char [2]'과(와) 다릅니다.
C:\Users\jun78\OneDrive - 숭실대학교 - Soongsil University\바탕 화면\my_assembler_20192698\my_assembler_20192698\my_assembler_20192698.c(126,58): warning C4047: '=': 'unsigned char'의 간접 참조 수준이 'void *'과(와) 다릅니다.
C:\Users\jun78\OneDrive - 숭실대학교 - Soongsil University\바탕 화면\my_assembler_20192698\my_assembler_20192698\my_assembler_20192698.c(157,32): warning C4047: '=': 'char'의 간접 참조 수준이 'char [2]'과(와) 다릅니다.
C:\Users\jun78\OneDrive - 숭실대학교 - Soongsil University\바탕 화면\my_assembler_20192698\my_assembler_20192698\my_assembler_20192698.c(182,39): warning C4047: '!=': 'int'의 간접 참조 수준이 'char [2]'과(와) 다릅니다.
C:\Users\jun78\OneDrive - 숭실대학교 - Soongsil University\바탕 화면\my_assembler_20192698\my_assembler_20192698\my_assembler_20192698.c(182,56): warning C4047: '!=': 'int'의 간접 참조 수준이 'char [2]'과(와) 다릅니다.
C:\Users\jun78\OneDrive - 숭실대학교 - Soongsil University\바탕 화면\my_assembler_20192698\my_assembler_20192698\my_assembler_20192698.c(234,31): warning C4047: '!=': 'int'의 간접 참조 수준이 'char [2]'과(와) 다릅니다.
C:\Users\jun78\OneDrive - 숭실대학교 - Soongsil University\바탕 화면\my_assembler_20192698\my_assembler_20192698\my_assembler_20192698.c(236,26): warning C4018: '<': signed 또는 unsigned가 일치하지 않습니다.
C:\Users\jun78\OneDrive - 숭실대학교 - Soongsil University\바탕 화면\my_assembler_20192698\my_assembler_20192698\my_assembler_20192698.c(247,57): warning C4047: '==': 'int'의 간접 참조 수준이 'char [2]'과(와) 다릅니다.
C:\Users\jun78\OneDrive - 숭실대학교 - Soongsil University\바탕 화면\my_assembler_20192698\my_assembler_20192698\my_assembler_20192698.c(247,71): warning C4047: '==': 'int'의 간접 참조 수준이 'char [2]'과(와) 다릅니다.
C:\Users\jun78\OneDrive - 숭실대학교 - Soongsil University\바탕 화면\my_assembler_20192698\my_assembler_20192698\my_assembler_20192698.c(258,39): warning C4018: '<': signed 또는 unsigned가 일치하지 않습니다.
C:\Users\jun78\OneDrive - 숭실대학교 - Soongsil University\바탕 화면\my_assembler_20192698\my_assembler_20192698\my_assembler_20192698.c(268,36): warning C4047: '==': 'int'의 간접 참조 수준이 'char [2]'과(와) 다릅니다.
C:\Users\jun78\OneDrive - 숭실대학교 - Soongsil University\바탕 화면\my_assembler_20192698\my_assembler_20192698\my_assembler_20192698.c(272,27): warning C4018: '<': signed 또는 unsigned가 일치하지 않습니다.
C:\Users\jun78\OneDrive - 숭실대학교 - Soongsil University\바탕 화면\my_assembler_20192698\my_assembler_20192698\my_assembler_20192698.c(274,67): warning C4047: '함수': 'char *'의 간접 참조 수준이 'char'과(와) 다릅니다.
C:\Users\jun78\OneDrive - 숭실대학교 - Soongsil University\바탕 화면\my_assembler_20192698\my_assembler_20192698\my_assembler_20192698.c(274,67): warning C4024: 'strcpy': 형식 및 실제 매개 변수 1의 형식이 서로 다릅니다.
C:\Users\jun78\OneDrive - 숭실대학교 - Soongsil University\바탕 화면\my_assembler_20192698\my_assembler_20192698\my_assembler_20192698.c(274,75): warning C4047: '함수': 'const char *'의 간접 참조 수준이 'char'과(와) 다릅니다.
C:\Users\jun78\OneDrive - 숭실대학교 - Soongsil University\바탕 화면\my_assembler_20192698\my_assembler_20192698\my_assembler_20192698.c(274,75): warning C4024: 'strcpy': 형식 및 실제 매개 변수 2의 형식이 서로 다릅니다.
C:\Users\jun78\OneDrive - 숭실대학교 - Soongsil University\바탕 화면\my_assembler_20192698\my_assembler_20192698\my_assembler_20192698.c(305,35): warning C4018: '<': signed 또는 unsigned가 일치하지 않습니다.
C:\Users\jun78\OneDrive - 숭실대학교 - Soongsil University\바탕 화면\my_assembler_20192698\my_assembler_20192698\my_assembler_20192698.c(386,53): warning C4047: '=': 'char'의 간접 참조 수준이 'char [2]'과(와) 다릅니다.
C:\Users\jun78\OneDrive - 숭실대학교 - Soongsil University\바탕 화면\my_assembler_20192698\my_assembler_20192698\my_assembler_20192698.c(402,57): warning C4047: '=': 'char'의 간접 참조 수준이 'char [2]'과(와) 다릅니다.
C:\Users\jun78\OneDrive - 숭실대학교 - Soongsil University\바탕 화면\my_assembler_20192698\my_assembler_20192698\my_assembler_20192698.c(411,57): warning C4047: '=': 'char'의 간접 참조 수준이 'char [2]'과(와) 다릅니다.
C:\Users\jun78\OneDrive - 숭실대학교 - Soongsil University\바탕 화면\my_assembler_20192698\my_assembler_20192698\my_assembler_20192698.c(465,35): warning C4018: '<': signed 또는 unsigned가 일치하지 않습니다.
C:\Users\jun78\OneDrive - 숭실대학교 - Soongsil University\바탕 화면\my_assembler_20192698\my_assembler_20192698\my_assembler_20192698.c(479,32): warning C4047: '=': 'char'의 간접 참조 수준이 'char [2]'과(와) 다릅니다.
C:\Users\jun78\OneDrive - 숭실대학교 - Soongsil University\바탕 화면\my_assembler_20192698\my_assembler_20192698\my_assembler_20192698.c(480,32): warning C4047: '=': 'char'의 간접 참조 수준이 'char [2]'과(와) 다릅니다.
C:\Users\jun78\OneDrive - 숭실대학교 - Soongsil University\바탕 화면\my_assembler_20192698\my_assembler_20192698\my_assembler_20192698.c(653,27): warning C4047: '==': 'int'의 간접 참조 수준이 'void *'과(와) 다릅니다.
C:\Users\jun78\OneDrive - 숭실대학교 - Soongsil University\바탕 화면\my_assembler_20192698\my_assembler_20192698\my_assembler_20192698.c(688,27): warning C4047: '==': 'int'의 간접 참조 수준이 'void *'과(와) 다릅니다.
C:\Users\jun78\OneDrive - 숭실대학교 - Soongsil University\바탕 화면\my_assembler_20192698\my_assembler_20192698\my_assembler_20192698.c(1076,39): warning C4018: '<': signed 또는 unsigned가 일치하지 않습니다.
C:\Users\jun78\OneDrive - 숭실대학교 - Soongsil University\바탕 화면\my_assembler_20192698\my_assembler_20192698\my_assembler_20192698.c(1090,36): warning C4047: '=': 'unsigned char'의 간접 참조 수준이 'char [2]'과(와) 다릅니다.
C:\Users\jun78\OneDrive - 숭실대학교 - Soongsil University\바탕 화면\my_assembler_20192698\my_assembler_20192698\my_assembler_20192698.c(1091,36): warning C4047: '=': 'unsigned char'의 간접 참조 수준이 'char [2]'과(와) 다릅니다.
C:\Users\jun78\OneDrive - 숭실대학교 - Soongsil University\바탕 화면\my_assembler_20192698\my_assembler_20192698\my_assembler_20192698.c(1150,27): warning C4047: '==': 'int'의 간접 참조 수준이 'void *'과(와) 다릅니다.
C:\Users\jun78\OneDrive - 숭실대학교 - Soongsil University\바탕 화면\my_assembler_20192698\my_assembler_20192698\my_assembler_20192698.c(1170,78): warning C4047: '함수': 'int'의 간접 참조 수준이 'char [2]'과(와) 다릅니다.
C:\Users\jun78\OneDrive - 숭실대학교 - Soongsil University\바탕 화면\my_assembler_20192698\my_assembler_20192698\my_assembler_20192698.c(1170,78): warning C4024: 'strchr': 형식 및 실제 매개 변수 2의 형식이 서로 다릅니다.
C:\Users\jun78\OneDrive - 숭실대학교 - Soongsil University\바탕 화면\my_assembler_20192698\my_assembler_20192698\my_assembler_20192698.c(1288,44): warning C4098: 'make_objectcode_output': 'void' 함수에서 값을 반환하고 있습니다.
C:\Users\jun78\OneDrive - 숭실대학교 - Soongsil University\바탕 화면\my_assembler_20192698\my_assembler_20192698\my_assembler_20192698.c(1312,78): warning C4047: '함수': 'int'의 간접 참조 수준이 'char [2]'과(와) 다릅니다.
C:\Users\jun78\OneDrive - 숭실대학교 - Soongsil University\바탕 화면\my_assembler_20192698\my_assembler_20192698\my_assembler_20192698.c(1312,78): warning C4024: 'strchr': 형식 및 실제 매개 변수 2의 형식이 서로 다릅니다.
C:\Users\jun78\OneDrive - 숭실대학교 - Soongsil University\바탕 화면\my_assembler_20192698\my_assembler_20192698\my_assembler_20192698.c(1430,44): warning C4098: 'make_objectcode_output': 'void' 함수에서 값을 반환하고 있습니다.
C:\Users\jun78\OneDrive - 숭실대학교 - Soongsil University\바탕 화면\my_assembler_20192698\my_assembler_20192698\my_assembler_20192698.c(283): warning C4715: 'token_parsing': 모든 제어 경로에서 값을 반환하지는 않습니다.
  my_assembler_20192698.vcxproj -> C:\Users\jun78\OneDrive - 숭실대학교 - Soongsil University\바탕 화면\my_assembler_20192698\Debug\my_assembler_20192698.exe
